<?xml version="1.0" encoding="UTF-8"?>
<testng-results skipped="0" failed="0" ignored="0" total="2" passed="2">
  <reporter-output>
  </reporter-output>
  <suite name="Default suite" duration-ms="31557" started-at="2018-08-30T04:05:22Z" finished-at="2018-08-30T04:05:53Z">
    <groups>
    </groups>
    <test name="Default test" duration-ms="31557" started-at="2018-08-30T04:05:22Z" finished-at="2018-08-30T04:05:53Z">
      <class name="example.NewTest">
        <test-method status="PASS" signature="beforeTest()[pri:0, instance:example.NewTest@3bfdc050]" name="beforeTest" is-config="true" duration-ms="7472" started-at="2018-08-30T04:05:22Z" finished-at="2018-08-30T04:05:29Z">
          <reporter-output>
          </reporter-output>
        </test-method> <!-- beforeTest -->
        <test-method status="PASS" signature="testEasy()[pri:0, instance:example.NewTest@3bfdc050]" name="testEasy" duration-ms="15206" started-at="2018-08-30T04:05:29Z" finished-at="2018-08-30T04:05:45Z">
          <reporter-output>
          </reporter-output>
        </test-method> <!-- testEasy -->
        <test-method status="PASS" signature="testGoogle()[pri:0, instance:example.NewTest@3bfdc050]" name="testGoogle" duration-ms="7378" started-at="2018-08-30T04:05:45Z" finished-at="2018-08-30T04:05:52Z">
          <reporter-output>
          </reporter-output>
        </test-method> <!-- testGoogle -->
        <test-method status="PASS" signature="afterTest()[pri:0, instance:example.NewTest@3bfdc050]" name="afterTest" is-config="true" duration-ms="1463" started-at="2018-08-30T04:05:52Z" finished-at="2018-08-30T04:05:53Z">
          <reporter-output>
          </reporter-output>
        </test-method> <!-- afterTest -->
      </class> <!-- example.NewTest -->
    </test> <!-- Default test -->
  </suite> <!-- Default suite -->
</testng-results>
